2024-09-13 00:52:40,187 - backend.app - INFO - Serving React app for path: study
2024-09-13 00:52:40,447 - backend.app - INFO - Getting cards to review
2024-09-13 00:52:40,450 - backend.scheduling.sm2_algorithm - INFO - Running sm2 algo
2024-09-13 00:53:22,455 - backend.app - INFO - Serving React app for path: study
2024-09-13 00:53:22,609 - backend.app - INFO - Getting cards to review
2024-09-13 00:53:22,611 - backend.scheduling.sm2_algorithm - INFO - Running sm2 algo
2024-09-13 00:53:22,611 - backend.scheduling.sm2_algorithm - INFO - module 'datetime' has no attribute 'strptime'
2024-09-13 00:53:22,611 - backend.app - INFO - Cards to review: None
2024-09-13 00:53:24,555 - backend.app - INFO - Serving React app for path: study
2024-09-13 00:53:24,584 - backend.app - INFO - Getting cards to review
2024-09-13 00:53:24,587 - backend.scheduling.sm2_algorithm - INFO - Running sm2 algo
2024-09-13 00:53:24,587 - backend.scheduling.sm2_algorithm - INFO - module 'datetime' has no attribute 'strptime'
2024-09-13 00:53:24,588 - backend.app - INFO - Cards to review: None
2024-09-13 00:53:25,751 - backend.app - INFO - Serving React app for path: study
2024-09-13 00:53:25,851 - backend.app - INFO - Getting cards to review
2024-09-13 00:53:25,853 - backend.scheduling.sm2_algorithm - INFO - Running sm2 algo
2024-09-13 00:53:25,853 - backend.scheduling.sm2_algorithm - INFO - module 'datetime' has no attribute 'strptime'
2024-09-13 00:53:25,853 - backend.app - INFO - Cards to review: None
2024-09-13 00:53:26,913 - backend.app - INFO - Getting cards to review
2024-09-13 00:53:26,914 - backend.scheduling.sm2_algorithm - INFO - Running sm2 algo
2024-09-13 00:53:26,914 - backend.scheduling.sm2_algorithm - INFO - module 'datetime' has no attribute 'strptime'
2024-09-13 00:53:26,915 - backend.app - INFO - Cards to review: None
2024-09-13 00:57:30,991 - backend.app - INFO - Serving React app for path: study
2024-09-13 00:57:31,164 - backend.app - INFO - Getting cards to review
2024-09-13 00:57:31,167 - backend.scheduling.sm2_algorithm - INFO - Running sm2 algo
2024-09-13 00:57:31,167 - backend.scheduling.sm2_algorithm - INFO - module 'datetime' has no attribute 'strptime'
2024-09-13 00:57:31,167 - backend.app - INFO - Cards to review: None
2024-09-13 00:57:35,440 - backend.app - INFO - Serving React app for path: study
2024-09-13 00:57:35,572 - backend.app - INFO - Getting cards to review
2024-09-13 00:57:35,574 - backend.scheduling.sm2_algorithm - INFO - Running sm2 algo
2024-09-13 00:57:35,574 - backend.scheduling.sm2_algorithm - INFO - module 'datetime' has no attribute 'strptime'
2024-09-13 00:57:35,575 - backend.app - INFO - Cards to review: None
2024-09-13 00:57:36,567 - backend.app - INFO - Getting cards to review
2024-09-13 00:57:36,569 - backend.scheduling.sm2_algorithm - INFO - Running sm2 algo
2024-09-13 00:57:36,569 - backend.scheduling.sm2_algorithm - INFO - module 'datetime' has no attribute 'strptime'
2024-09-13 00:57:36,569 - backend.app - INFO - Cards to review: None
2024-09-13 00:58:14,703 - backend.app - INFO - Serving React app for path: study
2024-09-13 00:58:14,973 - backend.app - INFO - Getting cards to review
2024-09-13 00:58:14,975 - backend.scheduling.sm2_algorithm - INFO - Running sm2 algo
2024-09-13 00:58:14,981 - backend.scheduling.sm2_algorithm - INFO - list index out of range
2024-09-13 00:58:14,981 - backend.app - INFO - Cards to review: None
2024-09-13 00:58:16,993 - backend.app - INFO - Getting cards to review
2024-09-13 00:58:16,995 - backend.scheduling.sm2_algorithm - INFO - Running sm2 algo
2024-09-13 00:58:16,995 - backend.scheduling.sm2_algorithm - INFO - list index out of range
2024-09-13 00:58:16,995 - backend.app - INFO - Cards to review: None
2024-09-13 00:58:18,152 - backend.app - INFO - Serving React app for path: study
2024-09-13 00:58:18,264 - backend.app - INFO - Getting cards to review
2024-09-13 00:58:18,270 - backend.scheduling.sm2_algorithm - INFO - Running sm2 algo
2024-09-13 00:58:18,270 - backend.scheduling.sm2_algorithm - INFO - list index out of range
2024-09-13 00:58:18,271 - backend.app - INFO - Cards to review: None
2024-09-13 00:59:32,604 - backend.app - INFO - Getting cards to review
2024-09-13 00:59:32,606 - backend.scheduling.sm2_algorithm - INFO - Running sm2 algo
2024-09-13 00:59:32,608 - backend.scheduling.sm2_algorithm - ERROR - An error occurred in sm2_algorithm:
Traceback (most recent call last):
  File "/workspaces/memory_slim/backend/scheduling/sm2_algorithm.py", line 46, in sm2_algorithm
    if sm2_check_card(card, card_reviews):
       ^^^^^^^^^^^^^^^^^^^^^^^^^^^^^^^^^^
  File "/workspaces/memory_slim/backend/scheduling/sm2_algorithm.py", line 11, in sm2_check_card
    assert sorted_reviews[0] < sorted_reviews[1]
                               ~~~~~~~~~~~~~~^^^
IndexError: list index out of range

2024-09-13 00:59:32,608 - backend.app - INFO - Cards to review: None
2024-09-13 01:00:08,932 - backend.app - INFO - Serving React app for path: study
2024-09-13 01:00:09,142 - backend.app - INFO - Getting cards to review
2024-09-13 01:00:09,145 - backend.scheduling.sm2_algorithm - INFO - Running sm2 algo
2024-09-13 01:00:09,146 - backend.scheduling.sm2_algorithm - ERROR - An error occurred in sm2_algorithm:
Traceback (most recent call last):
  File "/workspaces/memory_slim/backend/scheduling/sm2_algorithm.py", line 46, in sm2_algorithm
    cards_to_review.append(card)
  File "/workspaces/memory_slim/backend/scheduling/sm2_algorithm.py", line 11, in sm2_check_card
    ease_factor = 2.5
                      
IndexError: list index out of range

2024-09-13 01:00:09,146 - backend.app - INFO - Cards to review: None
2024-09-13 01:00:10,847 - backend.app - INFO - Getting cards to review
2024-09-13 01:00:10,884 - backend.scheduling.sm2_algorithm - INFO - Running sm2 algo
2024-09-13 01:00:10,915 - backend.scheduling.sm2_algorithm - ERROR - An error occurred in sm2_algorithm:
Traceback (most recent call last):
  File "/workspaces/memory_slim/backend/scheduling/sm2_algorithm.py", line 45, in sm2_algorithm
    if sm2_check_card(card, card_reviews):
       ^^^^^^^^^^^^^^^^^^^^^^^^^^^^^^^^^^
  File "/workspaces/memory_slim/backend/scheduling/sm2_algorithm.py", line 35, in sm2_check_card
    next_review_date = last_review_date + datetime.timedelta(days=interval)
                                          ^^^^^^^^^^^^^^^^^^
AttributeError: type object 'datetime.datetime' has no attribute 'timedelta'

2024-09-13 01:00:10,917 - backend.app - INFO - Cards to review: None
2024-09-13 01:00:32,987 - backend.app - INFO - Serving React app for path: study
2024-09-13 01:00:33,127 - backend.app - INFO - Getting cards to review
2024-09-13 01:00:33,129 - backend.scheduling.sm2_algorithm - INFO - Running sm2 algo
2024-09-13 01:00:33,132 - backend.scheduling.sm2_algorithm - ERROR - An error occurred in sm2_algorithm:
Traceback (most recent call last):
  File "/workspaces/memory_slim/backend/scheduling/sm2_algorithm.py", line 45, in sm2_algorithm
    if sm2_check_card(card, card_reviews):
       ^^^^^^^^^^^^^^^^^^^^^^^^^^^^^^^^^^
  File "/workspaces/memory_slim/backend/scheduling/sm2_algorithm.py", line 34, in sm2_check_card
    last_review_date = get_last_review_date(card_reviews)
                       ^^^^^^^^^^^^^^^^^^^^^^^^^^^^^^^^^^
  File "/workspaces/memory_slim/backend/scheduling/scheduling_utils.py", line 17, in get_last_review_date
    return datetime.strptime(sorted_reviews[0]["date"], "%Y-%m-%d %H:%M:%S").date()
                             ~~~~~~~~~~~~~~^^^
IndexError: list index out of range

2024-09-13 01:00:33,132 - backend.app - INFO - Cards to review: None
2024-09-13 01:00:33,914 - backend.app - INFO - Getting cards to review
2024-09-13 01:00:33,917 - backend.scheduling.sm2_algorithm - INFO - Running sm2 algo
2024-09-13 01:00:33,918 - backend.scheduling.sm2_algorithm - ERROR - An error occurred in sm2_algorithm:
Traceback (most recent call last):
  File "/workspaces/memory_slim/backend/scheduling/sm2_algorithm.py", line 45, in sm2_algorithm
    if sm2_check_card(card, card_reviews):
       ^^^^^^^^^^^^^^^^^^^^^^^^^^^^^^^^^^
  File "/workspaces/memory_slim/backend/scheduling/sm2_algorithm.py", line 34, in sm2_check_card
    last_review_date = get_last_review_date(card_reviews)
                       ^^^^^^^^^^^^^^^^^^^^^^^^^^^^^^^^^^
  File "/workspaces/memory_slim/backend/scheduling/scheduling_utils.py", line 17, in get_last_review_date
    return datetime.strptime(sorted_reviews[0]["date"], "%Y-%m-%d %H:%M:%S").date()
                             ~~~~~~~~~~~~~~^^^
IndexError: list index out of range

2024-09-13 01:00:33,918 - backend.app - INFO - Cards to review: None
2024-09-13 01:01:18,030 - backend.app - INFO - Serving React app for path: study
2024-09-13 01:01:18,166 - backend.app - INFO - Getting cards to review
2024-09-13 01:01:18,169 - backend.scheduling.sm2_algorithm - INFO - Running sm2 algo
2024-09-13 01:01:18,171 - backend.scheduling.sm2_algorithm - ERROR - An error occurred in sm2_algorithm:
Traceback (most recent call last):
  File "/workspaces/memory_slim/backend/scheduling/sm2_algorithm.py", line 45, in sm2_algorithm
    for card in cards:
           ^^^^^^^^^^^^
  File "/workspaces/memory_slim/backend/scheduling/sm2_algorithm.py", line 34, in sm2_check_card
  File "/workspaces/memory_slim/backend/scheduling/scheduling_utils.py", line 17, in get_last_review_date
    return datetime.strptime(sorted_reviews[0]["date"], "%Y-%m-%d %H:%M:%S").date()
                             ~~~~~~~~~~~~~~^^^
IndexError: list index out of range

2024-09-13 01:01:18,171 - backend.app - INFO - Cards to review: None
2024-09-13 01:01:19,545 - backend.app - INFO - Getting cards to review
2024-09-13 01:01:19,547 - backend.scheduling.sm2_algorithm - INFO - Running sm2 algo
2024-09-13 01:01:19,548 - backend.app - INFO - Cards to review: [{'id': 2, 'question': '', 'answer': '', 'date_created': '2024-09-07 07:22:21'}, {'id': 3, 'question': 'wefrewf', 'answer': 'wefwef', 'date_created': '2024-09-13 00:50:48'}]
2024-09-13 01:01:25,045 - backend.app - INFO - Getting all cards
2024-09-13 01:01:25,047 - backend.app - INFO - Cards: [{'id': 1, 'question': 'dog', 'answer': 'catq3', 'date_created': '2024-09-07 04:58:17'}, {'id': 2, 'question': '', 'answer': '', 'date_created': '2024-09-07 07:22:21'}, {'id': 3, 'question': 'wefrewf', 'answer': 'wefwef', 'date_created': '2024-09-13 00:50:48'}]
2024-09-13 01:01:25,120 - backend.app - INFO - Getting all reviews
2024-09-13 01:01:25,121 - backend.app - INFO - Reviews: [{'id': 3, 'card_id': 2, 'date': '2024-09-13 01:01:23', 'result': 1}, {'id': 2, 'card_id': 3, 'date': '2024-09-13 01:01:21', 'result': 1}, {'id': 1, 'card_id': 1, 'date': '2024-09-07 05:04:17', 'result': 0}]
2024-09-13 01:01:27,874 - backend.app - INFO - Deleting card 2
2024-09-13 01:01:29,689 - backend.app - INFO - Getting cards to review
2024-09-13 01:01:29,693 - backend.scheduling.sm2_algorithm - INFO - Running sm2 algo
2024-09-13 01:01:29,694 - backend.app - INFO - Cards to review: [{'id': 3, 'question': 'wefrewf', 'answer': 'wefwef', 'date_created': '2024-09-13 00:50:48'}]
2024-09-13 01:01:30,240 - backend.app - INFO - Serving React app for path: study
2024-09-13 01:01:30,283 - backend.app - INFO - Getting cards to review
2024-09-13 01:01:30,286 - backend.scheduling.sm2_algorithm - INFO - Running sm2 algo
2024-09-13 01:01:30,286 - backend.app - INFO - Cards to review: [{'id': 3, 'question': 'wefrewf', 'answer': 'wefwef', 'date_created': '2024-09-13 00:50:48'}]
2024-09-13 01:01:30,776 - backend.app - INFO - Getting all cards
2024-09-13 01:01:30,777 - backend.app - INFO - Cards: [{'id': 1, 'question': 'dog', 'answer': 'catq3', 'date_created': '2024-09-07 04:58:17'}, {'id': 3, 'question': 'wefrewf', 'answer': 'wefwef', 'date_created': '2024-09-13 00:50:48'}]
2024-09-13 01:01:30,856 - backend.app - INFO - Getting all reviews
2024-09-13 01:01:30,857 - backend.app - INFO - Reviews: [{'id': 2, 'card_id': 3, 'date': '2024-09-13 01:01:21', 'result': 1}, {'id': 1, 'card_id': 1, 'date': '2024-09-07 05:04:17', 'result': 0}]
2024-09-13 01:01:32,535 - backend.app - INFO - Getting cards to review
2024-09-13 01:01:32,537 - backend.scheduling.sm2_algorithm - INFO - Running sm2 algo
2024-09-13 01:01:32,537 - backend.app - INFO - Cards to review: [{'id': 3, 'question': 'wefrewf', 'answer': 'wefwef', 'date_created': '2024-09-13 00:50:48'}]
2024-09-13 01:01:35,817 - backend.app - INFO - Getting all cards
2024-09-13 01:01:35,818 - backend.app - INFO - Cards: [{'id': 1, 'question': 'dog', 'answer': 'catq3', 'date_created': '2024-09-07 04:58:17'}, {'id': 3, 'question': 'wefrewf', 'answer': 'wefwef', 'date_created': '2024-09-13 00:50:48'}]
2024-09-13 01:01:35,888 - backend.app - INFO - Getting all reviews
2024-09-13 01:01:35,889 - backend.app - INFO - Reviews: [{'id': 4, 'card_id': 3, 'date': '2024-09-13 01:01:34', 'result': 1}, {'id': 2, 'card_id': 3, 'date': '2024-09-13 01:01:21', 'result': 1}, {'id': 1, 'card_id': 1, 'date': '2024-09-07 05:04:17', 'result': 0}]
2024-09-13 01:01:36,377 - backend.app - INFO - Getting cards to review
2024-09-13 01:01:36,384 - backend.scheduling.sm2_algorithm - INFO - Running sm2 algo
2024-09-13 01:01:36,385 - backend.app - INFO - Cards to review: [{'id': 3, 'question': 'wefrewf', 'answer': 'wefwef', 'date_created': '2024-09-13 00:50:48'}]
2024-09-13 01:01:39,438 - backend.app - INFO - Getting all reviews
2024-09-13 01:01:39,439 - backend.app - INFO - Reviews: [{'id': 5, 'card_id': 3, 'date': '2024-09-13 01:01:38', 'result': 1}, {'id': 4, 'card_id': 3, 'date': '2024-09-13 01:01:34', 'result': 1}, {'id': 2, 'card_id': 3, 'date': '2024-09-13 01:01:21', 'result': 1}, {'id': 1, 'card_id': 1, 'date': '2024-09-07 05:04:17', 'result': 0}]
2024-09-13 01:01:39,507 - backend.app - INFO - Getting all cards
2024-09-13 01:01:39,508 - backend.app - INFO - Cards: [{'id': 1, 'question': 'dog', 'answer': 'catq3', 'date_created': '2024-09-07 04:58:17'}, {'id': 3, 'question': 'wefrewf', 'answer': 'wefwef', 'date_created': '2024-09-13 00:50:48'}]
2024-09-13 01:01:40,659 - backend.app - INFO - Getting cards to review
2024-09-13 01:01:40,664 - backend.scheduling.sm2_algorithm - INFO - Running sm2 algo
2024-09-13 01:01:40,664 - backend.app - INFO - Cards to review: [{'id': 3, 'question': 'wefrewf', 'answer': 'wefwef', 'date_created': '2024-09-13 00:50:48'}]
2024-09-13 01:02:14,322 - backend.app - INFO - Serving React app for path: study
2024-09-13 01:02:14,463 - backend.app - INFO - Getting cards to review
2024-09-13 01:02:14,467 - backend.scheduling.sm2_algorithm - INFO - Running sm2 algo
2024-09-13 01:02:14,467 - backend.app - INFO - Cards to review: [{'id': 3, 'question': 'wefrewf', 'answer': 'wefwef', 'date_created': '2024-09-13 00:50:48'}]
2024-09-13 01:02:35,138 - backend.app - INFO - Serving React app for path: study
2024-09-13 01:02:35,280 - backend.app - INFO - Getting cards to review
2024-09-13 01:02:35,283 - backend.scheduling.sm2_algorithm - INFO - Running sm2 algo
2024-09-13 01:02:35,283 - backend.scheduling.sm2_algorithm - DEBUG - Checking card {'id': 1, 'question': 'dog', 'answer': 'catq3', 'date_created': '2024-09-07 04:58:17'}, has reviews: [{'id': 1, 'card_id': 1, 'date': '2024-09-07 05:04:17', 'result': 0}]
2024-09-13 01:02:35,284 - backend.scheduling.sm2_algorithm - DEBUG - Checking card {'id': 3, 'question': 'wefrewf', 'answer': 'wefwef', 'date_created': '2024-09-13 00:50:48'}, has reviews: [{'id': 5, 'card_id': 3, 'date': '2024-09-13 01:01:38', 'result': 1}, {'id': 4, 'card_id': 3, 'date': '2024-09-13 01:01:34', 'result': 1}, {'id': 2, 'card_id': 3, 'date': '2024-09-13 01:01:21', 'result': 1}]
2024-09-13 01:02:35,285 - backend.app - INFO - Cards to review: [{'id': 3, 'question': 'wefrewf', 'answer': 'wefwef', 'date_created': '2024-09-13 00:50:48'}]
2024-09-13 01:02:51,307 - backend.app - INFO - Getting all reviews
2024-09-13 01:02:51,314 - backend.app - INFO - Reviews: [{'id': 5, 'card_id': 3, 'date': '2024-09-13 01:01:38', 'result': 1}, {'id': 4, 'card_id': 3, 'date': '2024-09-13 01:01:34', 'result': 1}, {'id': 2, 'card_id': 3, 'date': '2024-09-13 01:01:21', 'result': 1}, {'id': 1, 'card_id': 1, 'date': '2024-09-07 05:04:17', 'result': 0}]
2024-09-13 01:02:51,322 - backend.app - INFO - Getting all cards
2024-09-13 01:02:51,324 - backend.app - INFO - Cards: [{'id': 1, 'question': 'dog', 'answer': 'catq3', 'date_created': '2024-09-07 04:58:17'}, {'id': 3, 'question': 'wefrewf', 'answer': 'wefwef', 'date_created': '2024-09-13 00:50:48'}]
2024-09-13 01:02:53,266 - backend.app - INFO - Getting cards to review
2024-09-13 01:02:53,268 - backend.scheduling.sm2_algorithm - INFO - Running sm2 algo
2024-09-13 01:02:53,268 - backend.scheduling.sm2_algorithm - DEBUG - Checking card {'id': 1, 'question': 'dog', 'answer': 'catq3', 'date_created': '2024-09-07 04:58:17'}, has reviews: [{'id': 1, 'card_id': 1, 'date': '2024-09-07 05:04:17', 'result': 0}]
2024-09-13 01:02:53,268 - backend.scheduling.sm2_algorithm - DEBUG - Checking card {'id': 3, 'question': 'wefrewf', 'answer': 'wefwef', 'date_created': '2024-09-13 00:50:48'}, has reviews: [{'id': 5, 'card_id': 3, 'date': '2024-09-13 01:01:38', 'result': 1}, {'id': 4, 'card_id': 3, 'date': '2024-09-13 01:01:34', 'result': 1}, {'id': 2, 'card_id': 3, 'date': '2024-09-13 01:01:21', 'result': 1}]
2024-09-13 01:02:53,268 - backend.app - INFO - Cards to review: [{'id': 3, 'question': 'wefrewf', 'answer': 'wefwef', 'date_created': '2024-09-13 00:50:48'}]
2024-09-13 01:03:58,856 - backend.app - INFO - Serving React app for path: study
2024-09-13 01:03:59,044 - backend.app - INFO - Getting cards to review
2024-09-13 01:03:59,046 - backend.scheduling.sm2_algorithm - INFO - Running sm2 algo
2024-09-13 01:03:59,047 - backend.scheduling.sm2_algorithm - DEBUG - Checking card {'id': 1, 'question': 'dog', 'answer': 'catq3', 'date_created': '2024-09-07 04:58:17'}, has reviews: [{'id': 1, 'card_id': 1, 'date': '2024-09-07 05:04:17', 'result': 0}]
2024-09-13 01:03:59,049 - backend.scheduling.sm2_algorithm - DEBUG - Found interval = 1, ease_factor = 2.1799999999999997
2024-09-13 01:03:59,049 - backend.scheduling.sm2_algorithm - DEBUG - Checking card {'id': 3, 'question': 'wefrewf', 'answer': 'wefwef', 'date_created': '2024-09-13 00:50:48'}, has reviews: [{'id': 5, 'card_id': 3, 'date': '2024-09-13 01:01:38', 'result': 1}, {'id': 4, 'card_id': 3, 'date': '2024-09-13 01:01:34', 'result': 1}, {'id': 2, 'card_id': 3, 'date': '2024-09-13 01:01:21', 'result': 1}]
2024-09-13 01:03:59,049 - backend.scheduling.sm2_algorithm - DEBUG - Found interval = 1, ease_factor = 2.5
2024-09-13 01:03:59,049 - backend.app - INFO - Cards to review: [{'id': 3, 'question': 'wefrewf', 'answer': 'wefwef', 'date_created': '2024-09-13 00:50:48'}]
2024-09-13 01:05:13,100 - backend.app - INFO - Serving React app for path: study
2024-09-13 01:05:13,341 - backend.app - INFO - Getting cards to review
2024-09-13 01:05:13,345 - backend.scheduling.sm2_algorithm - INFO - Running sm2 algo
2024-09-13 01:05:13,345 - backend.scheduling.sm2_algorithm - DEBUG - Checking card {'id': 1, 'question': 'dog', 'answer': 'catq3', 'date_created': '2024-09-07 04:58:17'}, has reviews: [{'id': 1, 'card_id': 1, 'date': '2024-09-07 05:04:17', 'result': 0}]
2024-09-13 01:05:13,346 - backend.scheduling.sm2_algorithm - DEBUG - Found interval = 1, ease_factor = 2.1799999999999997
2024-09-13 01:05:13,346 - backend.scheduling.sm2_algorithm - DEBUG - Today = 2024-09-13, last_review=2024-09-07, next_Review=2024-09-08
2024-09-13 01:05:13,346 - backend.scheduling.sm2_algorithm - DEBUG - Checking card {'id': 3, 'question': 'wefrewf', 'answer': 'wefwef', 'date_created': '2024-09-13 00:50:48'}, has reviews: [{'id': 5, 'card_id': 3, 'date': '2024-09-13 01:01:38', 'result': 1}, {'id': 4, 'card_id': 3, 'date': '2024-09-13 01:01:34', 'result': 1}, {'id': 2, 'card_id': 3, 'date': '2024-09-13 01:01:21', 'result': 1}]
2024-09-13 01:05:13,347 - backend.scheduling.sm2_algorithm - DEBUG - Found interval = 1, ease_factor = 2.5
2024-09-13 01:05:13,347 - backend.scheduling.sm2_algorithm - DEBUG - Today = 2024-09-13, last_review=2024-09-13, next_Review=2024-09-14
2024-09-13 01:05:13,347 - backend.app - INFO - Cards to review: [{'id': 3, 'question': 'wefrewf', 'answer': 'wefwef', 'date_created': '2024-09-13 00:50:48'}]
2024-09-13 01:05:49,280 - backend.app - INFO - Serving React app for path: study
2024-09-13 01:05:49,420 - backend.app - INFO - Getting cards to review
2024-09-13 01:05:49,422 - backend.scheduling.sm2_algorithm - INFO - Running sm2 algo
2024-09-13 01:05:49,422 - backend.scheduling.sm2_algorithm - DEBUG - Checking card {'id': 1, 'question': 'dog', 'answer': 'catq3', 'date_created': '2024-09-07 04:58:17'}, has reviews: [{'id': 1, 'card_id': 1, 'date': '2024-09-07 05:04:17', 'result': 0}]
2024-09-13 01:05:49,423 - backend.scheduling.sm2_algorithm - DEBUG - Found interval = 1, ease_factor = 2.1799999999999997
2024-09-13 01:05:49,424 - backend.scheduling.sm2_algorithm - DEBUG - Today = 2024-09-13, last_review=2024-09-07, next_Review=2024-09-08
2024-09-13 01:05:49,424 - backend.scheduling.sm2_algorithm - DEBUG - Checking card {'id': 3, 'question': 'wefrewf', 'answer': 'wefwef', 'date_created': '2024-09-13 00:50:48'}, has reviews: [{'id': 5, 'card_id': 3, 'date': '2024-09-13 01:01:38', 'result': 1}, {'id': 4, 'card_id': 3, 'date': '2024-09-13 01:01:34', 'result': 1}, {'id': 2, 'card_id': 3, 'date': '2024-09-13 01:01:21', 'result': 1}]
2024-09-13 01:05:49,424 - backend.scheduling.sm2_algorithm - DEBUG - Found interval = 1, ease_factor = 2.5
2024-09-13 01:05:49,425 - backend.scheduling.sm2_algorithm - DEBUG - Today = 2024-09-13, last_review=2024-09-13, next_Review=2024-09-14
2024-09-13 01:05:49,425 - backend.app - INFO - Cards to review: [{'id': 1, 'question': 'dog', 'answer': 'catq3', 'date_created': '2024-09-07 04:58:17'}]
2024-09-13 01:06:15,938 - backend.app - INFO - Getting all reviews
2024-09-13 01:06:15,941 - backend.app - INFO - Reviews: [{'id': 6, 'card_id': 1, 'date': '2024-09-13 01:05:50', 'result': 1}, {'id': 5, 'card_id': 3, 'date': '2024-09-13 01:01:38', 'result': 1}, {'id': 4, 'card_id': 3, 'date': '2024-09-13 01:01:34', 'result': 1}, {'id': 2, 'card_id': 3, 'date': '2024-09-13 01:01:21', 'result': 1}, {'id': 1, 'card_id': 1, 'date': '2024-09-07 05:04:17', 'result': 0}]
2024-09-13 01:06:15,969 - backend.app - INFO - Getting all cards
2024-09-13 01:06:15,971 - backend.app - INFO - Cards: [{'id': 1, 'question': 'dog', 'answer': 'catq3', 'date_created': '2024-09-07 04:58:17'}, {'id': 3, 'question': 'wefrewf', 'answer': 'wefwef', 'date_created': '2024-09-13 00:50:48'}]
2024-09-13 01:06:19,759 - backend.app - INFO - Deleting card 3
2024-09-13 01:06:21,407 - backend.app - INFO - Deleting card 1
2024-09-13 01:23:16,155 - backend.app - INFO - Serving React app for path: study
2024-09-13 01:23:20,260 - backend.app - INFO - Serving React app for path: study
2024-09-13 01:23:20,557 - backend.app - INFO - Serving React app for path: favicon.ico
2024-09-13 01:23:20,616 - backend.app - INFO - Getting cards to review
2024-09-13 01:23:20,624 - backend.scheduling.sm2_algorithm - INFO - Running sm2 algo
2024-09-13 01:23:20,625 - backend.app - INFO - Cards to review: []
2024-09-13 01:23:23,666 - backend.db.sync - INFO - sync to : flashcards.db
2024-09-13 01:23:43,830 - backend.app - INFO - Serving React app for path: study
2024-09-13 01:23:47,555 - backend.db.sync - INFO - sync to : flashcards.db
2024-09-13 01:23:47,558 - backend.db.sync - INFO - aborted sync as using dev
2024-09-13 01:38:26,178 - backend.app - INFO - Getting cards to review
2024-09-13 01:38:26,199 - backend.scheduling.sm2_algorithm - INFO - Running sm2 algo
2024-09-13 01:38:26,199 - backend.app - INFO - Cards to review: []
2024-09-13 01:38:28,301 - backend.app - INFO - Getting all cards
2024-09-13 01:38:28,303 - backend.app - INFO - Cards: []
2024-09-13 01:38:28,405 - backend.app - INFO - Getting all reviews
2024-09-13 01:38:28,406 - backend.app - INFO - Reviews: []
2024-09-13 01:38:30,554 - backend.app - INFO - Getting cards to review
2024-09-13 01:38:30,557 - backend.scheduling.sm2_algorithm - INFO - Running sm2 algo
2024-09-13 01:38:30,557 - backend.app - INFO - Cards to review: []
