2024-12-08 02:52:25,495 INFO backend.routes.problem_routes Printing problems to review:
2024-12-08 02:52:25,497 INFO backend.routes.problem_routes (6, datetime.date(2024, 10, 11))
2024-12-08 02:52:25,498 INFO backend.routes.problem_routes (7, datetime.date(2024, 10, 11))
2024-12-08 02:52:25,499 INFO backend.routes.problem_routes (8, datetime.date(2024, 10, 11))
2024-12-08 02:52:25,501 INFO backend.routes.problem_routes (9, datetime.date(2024, 10, 11))
2024-12-08 02:52:25,501 INFO backend.routes.problem_routes (10, datetime.date(2024, 10, 11))
2024-12-08 02:52:25,503 INFO backend.routes.problem_routes (11, datetime.date(2024, 10, 11))
2024-12-08 02:52:25,505 INFO backend.routes.problem_routes (12, datetime.date(2024, 10, 11))
2024-12-08 02:52:25,506 INFO backend.routes.problem_routes (13, datetime.date(2024, 10, 11))
2024-12-08 02:52:25,507 INFO backend.routes.problem_routes (14, datetime.date(2024, 10, 9))
2024-12-08 02:52:25,508 INFO backend.routes.problem_routes (15, datetime.date(2024, 10, 9))
2024-12-08 02:52:25,508 INFO backend.routes.problem_routes (16, datetime.date(2024, 10, 9))
2024-12-08 02:52:25,510 INFO backend.routes.problem_routes (17, datetime.date(2024, 10, 9))
2024-12-08 02:52:25,511 INFO backend.routes.problem_routes (1, datetime.date(2024, 12, 8))
2024-12-08 02:52:25,512 INFO backend.routes.problem_routes (2, datetime.date(2024, 12, 7))
2024-12-08 02:52:25,513 INFO backend.routes.problem_routes (3, datetime.date(2024, 10, 11))
2024-12-08 02:52:25,514 INFO backend.routes.problem_routes (4, datetime.date(2024, 10, 9))
2024-12-08 02:52:25,515 INFO backend.routes.problem_routes (18, datetime.date(2024, 12, 8))
2024-12-08 02:52:25,515 INFO backend.routes.problem_routes (20, datetime.date(2024, 12, 8))
2024-12-08 02:52:25,516 INFO backend.routes.problem_routes (21, datetime.date(2024, 12, 8))
2024-12-08 02:52:25,517 INFO backend.routes.problem_routes (22, datetime.date(2024, 12, 8))
2024-12-08 02:52:25,518 INFO backend.routes.problem_routes (23, datetime.date(2024, 12, 8))
2024-12-08 02:52:25,520 INFO backend.routes.problem_routes (24, datetime.date(2024, 12, 8))
2024-12-08 02:52:25,521 INFO backend.routes.problem_routes (25, datetime.date(2024, 12, 8))
2024-12-08 02:52:25,522 INFO backend.routes.problem_routes (26, datetime.date(2024, 12, 8))
2024-12-08 02:52:25,522 INFO backend.routes.problem_routes (27, datetime.date(2024, 12, 8))
2024-12-08 02:52:25,524 INFO backend.routes.problem_routes (28, datetime.date(2024, 12, 8))
2024-12-08 02:52:25,524 INFO backend.routes.problem_routes (19, datetime.date(2024, 12, 8))
2024-12-08 02:52:25,526 INFO backend.routes.problem_routes (29, datetime.date(2024, 12, 8))
2024-12-08 02:52:25,526 INFO backend.routes.problem_routes (30, datetime.date(2024, 12, 8))
2024-12-08 02:52:25,530 INFO backend.routes.problem_routes problems to review: [<backend.models.Problem object at 0x7665c41cce90>, <backend.models.Problem object at 0x7665c41ccf50>, <backend.models.Problem object at 0x7665c41ccfe0>, <backend.models.Problem object at 0x7665c41cd070>, <backend.models.Problem object at 0x7665c41cd100>, <backend.models.Problem object at 0x7665c41cd190>, <backend.models.Problem object at 0x7665c41cd220>, <backend.models.Problem object at 0x7665c41cd2b0>, <backend.models.Problem object at 0x7665c41cd340>, <backend.models.Problem object at 0x7665c41cd3d0>, <backend.models.Problem object at 0x7665c41cd460>, <backend.models.Problem object at 0x7665c41cd4f0>, <backend.models.Problem object at 0x7665c41cd580>, <backend.models.Problem object at 0x7665c41cd610>, <backend.models.Problem object at 0x7665c41cd6a0>, <backend.models.Problem object at 0x7665c41cd730>, <backend.models.Problem object at 0x7665c41cd7c0>, <backend.models.Problem object at 0x7665c41cd850>, <backend.models.Problem object at 0x7665c41cd8e0>, <backend.models.Problem object at 0x7665c41cd970>, <backend.models.Problem object at 0x7665c41cda00>, <backend.models.Problem object at 0x7665c41cda90>, <backend.models.Problem object at 0x7665c41cdb20>, <backend.models.Problem object at 0x7665c41cdbb0>, <backend.models.Problem object at 0x7665c41cdc40>, <backend.models.Problem object at 0x7665c41cdcd0>, <backend.models.Problem object at 0x7665c41cdd60>, <backend.models.Problem object at 0x7665c41cddf0>, <backend.models.Problem object at 0x7665c41cde80>]
2024-12-08 02:52:25,534 INFO backend.routes.problem_routes problems to review: [<backend.models.Problem object at 0x7665c41ce360>, <backend.models.Problem object at 0x7665c41cfb90>, <backend.models.Problem object at 0x7665c41cfbf0>, <backend.models.Problem object at 0x7665c41cfc50>, <backend.models.Problem object at 0x7665c41cfce0>, <backend.models.Problem object at 0x7665c41cfd70>, <backend.models.Problem object at 0x7665c41cfe00>, <backend.models.Problem object at 0x7665c41cfe90>, <backend.models.Problem object at 0x7665c41cff20>, <backend.models.Problem object at 0x7665c41cffb0>, <backend.models.Problem object at 0x7665c41f4080>, <backend.models.Problem object at 0x7665c41f4110>, <backend.models.Problem object at 0x7665c41f41a0>, <backend.models.Problem object at 0x7665c41f4230>, <backend.models.Problem object at 0x7665c41f42c0>, <backend.models.Problem object at 0x7665c41f4350>, <backend.models.Problem object at 0x7665c41f43e0>, <backend.models.Problem object at 0x7665c41f4470>, <backend.models.Problem object at 0x7665c41f4500>, <backend.models.Problem object at 0x7665c41f4590>, <backend.models.Problem object at 0x7665c41f4620>, <backend.models.Problem object at 0x7665c41f46b0>, <backend.models.Problem object at 0x7665c41f4740>, <backend.models.Problem object at 0x7665c41f47d0>, <backend.models.Problem object at 0x7665c41f4860>, <backend.models.Problem object at 0x7665c41f48f0>, <backend.models.Problem object at 0x7665c41f4980>, <backend.models.Problem object at 0x7665c41f4a10>, <backend.models.Problem object at 0x7665c41f4aa0>]
2024-12-08 02:52:35,249 INFO backend.app {'passed': True, 'result_head': '{"Category":{"0":"Audio","1":"Audio","2":"Audio","3":"Audio","4":"Audio","5":"Audio","6":"Audio","7":"Audio","8":"Audio","9":"Audio"},"Subcategory":{"0":"MP4&MP3","1":"MP4&MP3","2":"MP4&MP3","3":"MP4&MP3","4":"MP4&MP3","5":"MP4&MP3","6":"MP4&MP3","7":"MP4&MP3","8":"MP4&MP3","9":"MP4&MP3"},"QuanityByCat":{"0":1962,"1":1962,"2":1962,"3":1962,"4":1962,"5":1962,"6":1962,"7":1962,"8":1962,"9":1962}}', 'error': 'e1: None, e2: None'}
2024-12-08 02:52:37,631 INFO backend.crud created due date <backend.models.Due object at 0x7665c4527290>
2024-12-08 02:52:37,739 INFO backend.routes.problem_routes problems to review: [<backend.models.Problem object at 0x7665c41f6f90>, <backend.models.Problem object at 0x7665c41f5310>, <backend.models.Problem object at 0x7665c41f69c0>, <backend.models.Problem object at 0x7665c41f6db0>, <backend.models.Problem object at 0x7665c41f5ac0>, <backend.models.Problem object at 0x7665c41f5f70>, <backend.models.Problem object at 0x7665c41f7920>, <backend.models.Problem object at 0x7665c41f6840>, <backend.models.Problem object at 0x7665c41f5250>, <backend.models.Problem object at 0x7665c41f41d0>, <backend.models.Problem object at 0x7665c41f6ba0>, <backend.models.Problem object at 0x7665c41f7c80>, <backend.models.Problem object at 0x7665c41f7a10>, <backend.models.Problem object at 0x7665c41f76e0>, <backend.models.Problem object at 0x7665c41f65a0>, <backend.models.Problem object at 0x7665c41f6b10>, <backend.models.Problem object at 0x7665c41f5190>, <backend.models.Problem object at 0x7665c41f7b90>, <backend.models.Problem object at 0x7665c41f6750>, <backend.models.Problem object at 0x7665c41f75f0>, <backend.models.Problem object at 0x7665c41f49b0>, <backend.models.Problem object at 0x7665c41f5f40>, <backend.models.Problem object at 0x7665c41f4800>, <backend.models.Problem object at 0x7665c41f4aa0>, <backend.models.Problem object at 0x7665c41f4650>, <backend.models.Problem object at 0x7665c41f48f0>, <backend.models.Problem object at 0x7665c41f4470>, <backend.models.Problem object at 0x7665c41f4740>]
2024-12-08 02:52:38,057 INFO backend.routes.problem_routes Printing problems to review:
2024-12-08 02:52:38,057 INFO backend.routes.problem_routes (7, datetime.date(2024, 10, 11))
2024-12-08 02:52:38,058 INFO backend.routes.problem_routes (8, datetime.date(2024, 10, 11))
2024-12-08 02:52:38,058 INFO backend.routes.problem_routes (9, datetime.date(2024, 10, 11))
2024-12-08 02:52:38,058 INFO backend.routes.problem_routes (10, datetime.date(2024, 10, 11))
2024-12-08 02:52:38,059 INFO backend.routes.problem_routes (11, datetime.date(2024, 10, 11))
2024-12-08 02:52:38,059 INFO backend.routes.problem_routes (12, datetime.date(2024, 10, 11))
2024-12-08 02:52:38,060 INFO backend.routes.problem_routes (13, datetime.date(2024, 10, 11))
2024-12-08 02:52:38,060 INFO backend.routes.problem_routes (14, datetime.date(2024, 10, 9))
2024-12-08 02:52:38,060 INFO backend.routes.problem_routes (15, datetime.date(2024, 10, 9))
2024-12-08 02:52:38,061 INFO backend.routes.problem_routes (16, datetime.date(2024, 10, 9))
2024-12-08 02:52:38,061 INFO backend.routes.problem_routes (17, datetime.date(2024, 10, 9))
2024-12-08 02:52:38,061 INFO backend.routes.problem_routes (1, datetime.date(2024, 12, 8))
2024-12-08 02:52:38,062 INFO backend.routes.problem_routes (2, datetime.date(2024, 12, 7))
2024-12-08 02:52:38,062 INFO backend.routes.problem_routes (3, datetime.date(2024, 10, 11))
2024-12-08 02:52:38,063 INFO backend.routes.problem_routes (4, datetime.date(2024, 10, 9))
2024-12-08 02:52:38,063 INFO backend.routes.problem_routes (18, datetime.date(2024, 12, 8))
2024-12-08 02:52:38,063 INFO backend.routes.problem_routes (20, datetime.date(2024, 12, 8))
2024-12-08 02:52:38,064 INFO backend.routes.problem_routes (21, datetime.date(2024, 12, 8))
2024-12-08 02:52:38,064 INFO backend.routes.problem_routes (22, datetime.date(2024, 12, 8))
2024-12-08 02:52:38,064 INFO backend.routes.problem_routes (23, datetime.date(2024, 12, 8))
2024-12-08 02:52:38,065 INFO backend.routes.problem_routes (24, datetime.date(2024, 12, 8))
2024-12-08 02:52:38,065 INFO backend.routes.problem_routes (25, datetime.date(2024, 12, 8))
2024-12-08 02:52:38,065 INFO backend.routes.problem_routes (26, datetime.date(2024, 12, 8))
2024-12-08 02:52:38,065 INFO backend.routes.problem_routes (27, datetime.date(2024, 12, 8))
2024-12-08 02:52:38,066 INFO backend.routes.problem_routes (28, datetime.date(2024, 12, 8))
2024-12-08 02:52:38,066 INFO backend.routes.problem_routes (19, datetime.date(2024, 12, 8))
2024-12-08 02:52:38,066 INFO backend.routes.problem_routes (29, datetime.date(2024, 12, 8))
2024-12-08 02:52:38,067 INFO backend.routes.problem_routes (30, datetime.date(2024, 12, 8))
2024-12-08 03:01:41,355 INFO backend.routes.problem_routes problems to review: [<backend.models.Problem object at 0x741bffe7ed20>, <backend.models.Problem object at 0x741bffe7eb10>, <backend.models.Problem object at 0x741bffe7f320>, <backend.models.Problem object at 0x741bffe7f380>, <backend.models.Problem object at 0x741bffe7f3e0>, <backend.models.Problem object at 0x741bffe7f440>, <backend.models.Problem object at 0x741bffe7f4a0>, <backend.models.Problem object at 0x741bffe7f500>, <backend.models.Problem object at 0x741bffe7f560>, <backend.models.Problem object at 0x741bffe7f5c0>, <backend.models.Problem object at 0x741bffe7f620>, <backend.models.Problem object at 0x741bffe7f680>, <backend.models.Problem object at 0x741bffe7f6e0>, <backend.models.Problem object at 0x741bffe7f740>, <backend.models.Problem object at 0x741bffe7f7a0>, <backend.models.Problem object at 0x741bffe7f800>, <backend.models.Problem object at 0x741bffe7f860>, <backend.models.Problem object at 0x741bffe7f8c0>, <backend.models.Problem object at 0x741bffe7f920>, <backend.models.Problem object at 0x741bffe7f980>, <backend.models.Problem object at 0x741bffe7f9e0>, <backend.models.Problem object at 0x741bffe7fa40>, <backend.models.Problem object at 0x741bffe7faa0>, <backend.models.Problem object at 0x741bffe7fb30>, <backend.models.Problem object at 0x741bffe7fbc0>, <backend.models.Problem object at 0x741bffe7fc50>, <backend.models.Problem object at 0x741bffe7fce0>, <backend.models.Problem object at 0x741bffe7fd70>]
2024-12-08 03:01:41,372 INFO backend.routes.problem_routes Printing problems to review:
2024-12-08 03:01:41,372 INFO backend.routes.problem_routes (7, datetime.date(2024, 10, 11))
2024-12-08 03:01:41,372 INFO backend.routes.problem_routes (8, datetime.date(2024, 10, 11))
2024-12-08 03:01:41,373 INFO backend.routes.problem_routes (9, datetime.date(2024, 10, 11))
2024-12-08 03:01:41,373 INFO backend.routes.problem_routes (10, datetime.date(2024, 10, 11))
2024-12-08 03:01:41,374 INFO backend.routes.problem_routes (11, datetime.date(2024, 10, 11))
2024-12-08 03:01:41,374 INFO backend.routes.problem_routes (12, datetime.date(2024, 10, 11))
2024-12-08 03:01:41,374 INFO backend.routes.problem_routes (13, datetime.date(2024, 10, 11))
2024-12-08 03:01:41,375 INFO backend.routes.problem_routes (14, datetime.date(2024, 10, 9))
2024-12-08 03:01:41,375 INFO backend.routes.problem_routes (15, datetime.date(2024, 10, 9))
2024-12-08 03:01:41,375 INFO backend.routes.problem_routes (16, datetime.date(2024, 10, 9))
2024-12-08 03:01:41,376 INFO backend.routes.problem_routes (17, datetime.date(2024, 10, 9))
2024-12-08 03:01:41,376 INFO backend.routes.problem_routes (1, datetime.date(2024, 12, 8))
2024-12-08 03:01:41,376 INFO backend.routes.problem_routes (2, datetime.date(2024, 12, 7))
2024-12-08 03:01:41,377 INFO backend.routes.problem_routes (3, datetime.date(2024, 10, 11))
2024-12-08 03:01:41,377 INFO backend.routes.problem_routes (4, datetime.date(2024, 10, 9))
2024-12-08 03:01:41,378 INFO backend.routes.problem_routes (18, datetime.date(2024, 12, 8))
2024-12-08 03:01:41,378 INFO backend.routes.problem_routes (20, datetime.date(2024, 12, 8))
2024-12-08 03:01:41,378 INFO backend.routes.problem_routes (21, datetime.date(2024, 12, 8))
2024-12-08 03:01:41,379 INFO backend.routes.problem_routes (22, datetime.date(2024, 12, 8))
2024-12-08 03:01:41,379 INFO backend.routes.problem_routes (23, datetime.date(2024, 12, 8))
2024-12-08 03:01:41,379 INFO backend.routes.problem_routes (24, datetime.date(2024, 12, 8))
2024-12-08 03:01:41,380 INFO backend.routes.problem_routes (25, datetime.date(2024, 12, 8))
2024-12-08 03:01:41,380 INFO backend.routes.problem_routes (26, datetime.date(2024, 12, 8))
2024-12-08 03:01:41,380 INFO backend.routes.problem_routes (27, datetime.date(2024, 12, 8))
2024-12-08 03:01:41,380 INFO backend.routes.problem_routes (28, datetime.date(2024, 12, 8))
2024-12-08 03:01:41,381 INFO backend.routes.problem_routes (19, datetime.date(2024, 12, 8))
2024-12-08 03:01:41,381 INFO backend.routes.problem_routes (29, datetime.date(2024, 12, 8))
2024-12-08 03:01:41,381 INFO backend.routes.problem_routes (30, datetime.date(2024, 12, 8))
2024-12-08 03:01:41,852 INFO backend.routes.problem_routes problems to review: [<backend.models.Problem object at 0x741bffd00f80>, <backend.models.Problem object at 0x741bffd00fe0>, <backend.models.Problem object at 0x741bffd01040>, <backend.models.Problem object at 0x741bffd010a0>, <backend.models.Problem object at 0x741bffd01100>, <backend.models.Problem object at 0x741bffd01190>, <backend.models.Problem object at 0x741bffd01220>, <backend.models.Problem object at 0x741bffd012b0>, <backend.models.Problem object at 0x741bffd01340>, <backend.models.Problem object at 0x741bffd013d0>, <backend.models.Problem object at 0x741bffd01460>, <backend.models.Problem object at 0x741bffd014f0>, <backend.models.Problem object at 0x741bffd01580>, <backend.models.Problem object at 0x741bffd01610>, <backend.models.Problem object at 0x741bffd016a0>, <backend.models.Problem object at 0x741bffd01730>, <backend.models.Problem object at 0x741bffd017c0>, <backend.models.Problem object at 0x741bffd01850>, <backend.models.Problem object at 0x741bffd018e0>, <backend.models.Problem object at 0x741bffd01970>, <backend.models.Problem object at 0x741bffd01a00>, <backend.models.Problem object at 0x741bffd01a90>, <backend.models.Problem object at 0x741bffd01b20>, <backend.models.Problem object at 0x741bffd01bb0>, <backend.models.Problem object at 0x741bffd01c40>, <backend.models.Problem object at 0x741bffd01cd0>, <backend.models.Problem object at 0x741bffd01d60>, <backend.models.Problem object at 0x741bffd01df0>]
2024-12-08 03:01:49,848 INFO backend.app {'passed': True, 'result_head': '{"avg_temp_celsius":{"0":5}}', 'error': 'e1: None, e2: None'}
2024-12-08 03:02:15,602 INFO backend.routes.problem_routes Printing problems to review:
2024-12-08 03:02:15,603 INFO backend.routes.problem_routes (7, datetime.date(2024, 10, 11))
2024-12-08 03:02:15,604 INFO backend.routes.problem_routes (8, datetime.date(2024, 10, 11))
2024-12-08 03:02:15,605 INFO backend.routes.problem_routes (9, datetime.date(2024, 10, 11))
2024-12-08 03:02:15,606 INFO backend.routes.problem_routes (10, datetime.date(2024, 10, 11))
2024-12-08 03:02:15,607 INFO backend.routes.problem_routes (11, datetime.date(2024, 10, 11))
2024-12-08 03:02:15,607 INFO backend.routes.problem_routes (12, datetime.date(2024, 10, 11))
2024-12-08 03:02:15,608 INFO backend.routes.problem_routes (13, datetime.date(2024, 10, 11))
2024-12-08 03:02:15,609 INFO backend.routes.problem_routes (14, datetime.date(2024, 10, 9))
2024-12-08 03:02:15,610 INFO backend.routes.problem_routes (15, datetime.date(2024, 10, 9))
2024-12-08 03:02:15,610 INFO backend.routes.problem_routes (16, datetime.date(2024, 10, 9))
2024-12-08 03:02:15,611 INFO backend.routes.problem_routes (17, datetime.date(2024, 10, 9))
2024-12-08 03:02:15,612 INFO backend.routes.problem_routes (1, datetime.date(2024, 12, 8))
2024-12-08 03:02:15,613 INFO backend.routes.problem_routes (2, datetime.date(2024, 12, 7))
2024-12-08 03:02:15,613 INFO backend.routes.problem_routes (3, datetime.date(2024, 10, 11))
2024-12-08 03:02:15,614 INFO backend.routes.problem_routes (4, datetime.date(2024, 10, 9))
2024-12-08 03:02:15,615 INFO backend.routes.problem_routes (18, datetime.date(2024, 12, 8))
2024-12-08 03:02:15,615 INFO backend.routes.problem_routes (20, datetime.date(2024, 12, 8))
2024-12-08 03:02:15,616 INFO backend.routes.problem_routes (21, datetime.date(2024, 12, 8))
2024-12-08 03:02:15,617 INFO backend.routes.problem_routes (22, datetime.date(2024, 12, 8))
2024-12-08 03:02:15,618 INFO backend.routes.problem_routes (23, datetime.date(2024, 12, 8))
2024-12-08 03:02:15,618 INFO backend.routes.problem_routes (24, datetime.date(2024, 12, 8))
2024-12-08 03:02:15,619 INFO backend.routes.problem_routes (25, datetime.date(2024, 12, 8))
2024-12-08 03:02:15,620 INFO backend.routes.problem_routes (26, datetime.date(2024, 12, 8))
2024-12-08 03:02:15,620 INFO backend.routes.problem_routes (27, datetime.date(2024, 12, 8))
2024-12-08 03:02:15,621 INFO backend.routes.problem_routes (28, datetime.date(2024, 12, 8))
2024-12-08 03:02:15,622 INFO backend.routes.problem_routes (19, datetime.date(2024, 12, 8))
2024-12-08 03:02:15,622 INFO backend.routes.problem_routes (29, datetime.date(2024, 12, 8))
2024-12-08 03:02:15,623 INFO backend.routes.problem_routes (30, datetime.date(2024, 12, 8))
2024-12-08 03:02:15,624 INFO backend.routes.problem_routes problems to review: [<backend.models.Problem object at 0x741bffed0e60>, <backend.models.Problem object at 0x741bfff01070>, <backend.models.Problem object at 0x741bfff02180>, <backend.models.Problem object at 0x741c0407db50>, <backend.models.Problem object at 0x741c0510d3d0>, <backend.models.Problem object at 0x741bfff91790>, <backend.models.Problem object at 0x741bfff90e30>, <backend.models.Problem object at 0x741bfff92ae0>, <backend.models.Problem object at 0x741bffea8c50>, <backend.models.Problem object at 0x741bffeabe30>, <backend.models.Problem object at 0x741bffeaa600>, <backend.models.Problem object at 0x741bffeaa7e0>, <backend.models.Problem object at 0x741bffea87a0>, <backend.models.Problem object at 0x741bffeab080>, <backend.models.Problem object at 0x741bffeaa5d0>, <backend.models.Problem object at 0x741bffeaa4e0>, <backend.models.Problem object at 0x741bffeab0b0>, <backend.models.Problem object at 0x741bffeaaa80>, <backend.models.Problem object at 0x741bffeaaea0>, <backend.models.Problem object at 0x741bffeaaf00>, <backend.models.Problem object at 0x741bffeab740>, <backend.models.Problem object at 0x741bffeaab40>, <backend.models.Problem object at 0x741bffea8d10>, <backend.models.Problem object at 0x741bffea9640>, <backend.models.Problem object at 0x741bffeaa8a0>, <backend.models.Problem object at 0x741bffea9ac0>, <backend.models.Problem object at 0x741bffeabec0>, <backend.models.Problem object at 0x741bffeaaae0>]
2024-12-08 03:02:16,012 INFO backend.routes.problem_routes problems to review: [<backend.models.Problem object at 0x741bffea8e30>, <backend.models.Problem object at 0x741bffeaa630>, <backend.models.Problem object at 0x741bffeabcb0>, <backend.models.Problem object at 0x741bffea8650>, <backend.models.Problem object at 0x741bffea94c0>, <backend.models.Problem object at 0x741bffeab470>, <backend.models.Problem object at 0x741bffea9010>, <backend.models.Problem object at 0x741bffea8f50>, <backend.models.Problem object at 0x741bffeab9e0>, <backend.models.Problem object at 0x741bffea8a10>, <backend.models.Problem object at 0x741bffeaa690>, <backend.models.Problem object at 0x741bffeaae70>, <backend.models.Problem object at 0x741bffeaaba0>, <backend.models.Problem object at 0x741bffeab230>, <backend.models.Problem object at 0x741bffea91c0>, <backend.models.Problem object at 0x741bffeaa780>, <backend.models.Problem object at 0x741bffea9610>, <backend.models.Problem object at 0x741bffea9040>, <backend.models.Problem object at 0x741bffe7f9e0>, <backend.models.Problem object at 0x741bffe7fad0>, <backend.models.Problem object at 0x741bffe7f7a0>, <backend.models.Problem object at 0x741bffe7cce0>, <backend.models.Problem object at 0x741bffe7eb10>, <backend.models.Problem object at 0x741bffe7c260>, <backend.models.Problem object at 0x741bffe7c1d0>, <backend.models.Problem object at 0x741bffe7c3e0>, <backend.models.Problem object at 0x741bffe7fb30>, <backend.models.Problem object at 0x741bffe7f5c0>]
2024-12-08 03:02:22,228 INFO backend.app {'passed': True, 'result_head': '{"avg_temp_celsius":{"0":5}}', 'error': 'e1: None, e2: None'}
2024-12-08 03:02:49,232 INFO backend.routes.problem_routes problems to review: [<backend.models.Problem object at 0x741bffd35250>, <backend.models.Problem object at 0x741bffd353a0>, <backend.models.Problem object at 0x741bffd35220>, <backend.models.Problem object at 0x741bffd35340>, <backend.models.Problem object at 0x741bffd35610>, <backend.models.Problem object at 0x741bffd35490>, <backend.models.Problem object at 0x741bffd35520>, <backend.models.Problem object at 0x741bffd356d0>, <backend.models.Problem object at 0x741bffd35430>, <backend.models.Problem object at 0x741bffd354c0>, <backend.models.Problem object at 0x741bffd35550>, <backend.models.Problem object at 0x741bffd35cd0>, <backend.models.Problem object at 0x741bffd35d00>, <backend.models.Problem object at 0x741bffd35d60>, <backend.models.Problem object at 0x741bffd35d90>, <backend.models.Problem object at 0x741bffd35e20>, <backend.models.Problem object at 0x741bffd34bf0>, <backend.models.Problem object at 0x741bffd34110>, <backend.models.Problem object at 0x741bffd35be0>, <backend.models.Problem object at 0x741bffd34740>, <backend.models.Problem object at 0x741bffd35e80>, <backend.models.Problem object at 0x741bffd35ee0>, <backend.models.Problem object at 0x741bffd35f40>, <backend.models.Problem object at 0x741bffd35fa0>, <backend.models.Problem object at 0x741bffd36000>, <backend.models.Problem object at 0x741bffd36060>, <backend.models.Problem object at 0x741bffd360c0>, <backend.models.Problem object at 0x741bffd36120>]
2024-12-08 03:02:49,232 INFO backend.routes.problem_routes problems to review: [<backend.models.Problem object at 0x741bffd365a0>, <backend.models.Problem object at 0x741bffd36600>, <backend.models.Problem object at 0x741bffd36660>, <backend.models.Problem object at 0x741bffd366c0>, <backend.models.Problem object at 0x741bffd36720>, <backend.models.Problem object at 0x741bffd36780>, <backend.models.Problem object at 0x741bffd367e0>, <backend.models.Problem object at 0x741bffd36840>, <backend.models.Problem object at 0x741bffd368a0>, <backend.models.Problem object at 0x741bffd36900>, <backend.models.Problem object at 0x741bffd36960>, <backend.models.Problem object at 0x741bffd369c0>, <backend.models.Problem object at 0x741bffd36a20>, <backend.models.Problem object at 0x741bffd36a80>, <backend.models.Problem object at 0x741bffd36ae0>, <backend.models.Problem object at 0x741bffd36b40>, <backend.models.Problem object at 0x741bffd36ba0>, <backend.models.Problem object at 0x741bffd36c00>, <backend.models.Problem object at 0x741bffd36c60>, <backend.models.Problem object at 0x741bffd36cc0>, <backend.models.Problem object at 0x741bffd36d20>, <backend.models.Problem object at 0x741bffd36d80>, <backend.models.Problem object at 0x741bffd36de0>, <backend.models.Problem object at 0x741bffd36e40>, <backend.models.Problem object at 0x741bffd36ea0>, <backend.models.Problem object at 0x741bffd36f30>, <backend.models.Problem object at 0x741bffd36fc0>, <backend.models.Problem object at 0x741bffd37050>]
2024-12-08 03:02:49,279 INFO backend.routes.problem_routes Printing problems to review:
2024-12-08 03:02:49,279 INFO backend.routes.problem_routes (7, datetime.date(2024, 10, 11))
2024-12-08 03:02:49,280 INFO backend.routes.problem_routes (8, datetime.date(2024, 10, 11))
2024-12-08 03:02:49,280 INFO backend.routes.problem_routes (9, datetime.date(2024, 10, 11))
2024-12-08 03:02:49,280 INFO backend.routes.problem_routes (10, datetime.date(2024, 10, 11))
2024-12-08 03:02:49,281 INFO backend.routes.problem_routes (11, datetime.date(2024, 10, 11))
2024-12-08 03:02:49,281 INFO backend.routes.problem_routes (12, datetime.date(2024, 10, 11))
2024-12-08 03:02:49,281 INFO backend.routes.problem_routes (13, datetime.date(2024, 10, 11))
2024-12-08 03:02:49,282 INFO backend.routes.problem_routes (14, datetime.date(2024, 10, 9))
2024-12-08 03:02:49,282 INFO backend.routes.problem_routes (15, datetime.date(2024, 10, 9))
2024-12-08 03:02:49,282 INFO backend.routes.problem_routes (16, datetime.date(2024, 10, 9))
2024-12-08 03:02:49,283 INFO backend.routes.problem_routes (17, datetime.date(2024, 10, 9))
2024-12-08 03:02:49,283 INFO backend.routes.problem_routes (1, datetime.date(2024, 12, 8))
2024-12-08 03:02:49,283 INFO backend.routes.problem_routes (2, datetime.date(2024, 12, 7))
2024-12-08 03:02:49,284 INFO backend.routes.problem_routes (3, datetime.date(2024, 10, 11))
2024-12-08 03:02:49,284 INFO backend.routes.problem_routes (4, datetime.date(2024, 10, 9))
2024-12-08 03:02:49,284 INFO backend.routes.problem_routes (18, datetime.date(2024, 12, 8))
2024-12-08 03:02:49,285 INFO backend.routes.problem_routes (20, datetime.date(2024, 12, 8))
2024-12-08 03:02:49,285 INFO backend.routes.problem_routes (21, datetime.date(2024, 12, 8))
2024-12-08 03:02:49,285 INFO backend.routes.problem_routes (22, datetime.date(2024, 12, 8))
2024-12-08 03:02:49,286 INFO backend.routes.problem_routes (23, datetime.date(2024, 12, 8))
2024-12-08 03:02:49,286 INFO backend.routes.problem_routes (24, datetime.date(2024, 12, 8))
2024-12-08 03:02:49,286 INFO backend.routes.problem_routes (25, datetime.date(2024, 12, 8))
2024-12-08 03:02:49,287 INFO backend.routes.problem_routes (26, datetime.date(2024, 12, 8))
2024-12-08 03:02:49,287 INFO backend.routes.problem_routes (27, datetime.date(2024, 12, 8))
2024-12-08 03:02:49,287 INFO backend.routes.problem_routes (28, datetime.date(2024, 12, 8))
2024-12-08 03:02:49,288 INFO backend.routes.problem_routes (19, datetime.date(2024, 12, 8))
2024-12-08 03:02:49,288 INFO backend.routes.problem_routes (29, datetime.date(2024, 12, 8))
2024-12-08 03:02:49,288 INFO backend.routes.problem_routes (30, datetime.date(2024, 12, 8))
2024-12-08 03:02:53,283 INFO backend.app {'passed': True, 'result_head': '{"avg_temp_celsius":{"0":5}}', 'error': 'e1: None, e2: None'}
2024-12-08 03:03:02,301 INFO backend.crud created due date <backend.models.Due object at 0x741c04b34f20>
2024-12-08 03:03:33,012 INFO backend.routes.problem_routes Printing problems to review:
2024-12-08 03:03:33,014 INFO backend.routes.problem_routes (8, datetime.date(2024, 10, 11))
2024-12-08 03:03:33,015 INFO backend.routes.problem_routes (9, datetime.date(2024, 10, 11))
2024-12-08 03:03:33,016 INFO backend.routes.problem_routes (10, datetime.date(2024, 10, 11))
2024-12-08 03:03:33,018 INFO backend.routes.problem_routes (11, datetime.date(2024, 10, 11))
2024-12-08 03:03:33,018 INFO backend.routes.problem_routes (12, datetime.date(2024, 10, 11))
2024-12-08 03:03:33,020 INFO backend.routes.problem_routes (13, datetime.date(2024, 10, 11))
2024-12-08 03:03:33,021 INFO backend.routes.problem_routes (14, datetime.date(2024, 10, 9))
2024-12-08 03:03:33,023 INFO backend.routes.problem_routes (15, datetime.date(2024, 10, 9))
2024-12-08 03:03:33,024 INFO backend.routes.problem_routes (16, datetime.date(2024, 10, 9))
2024-12-08 03:03:33,025 INFO backend.routes.problem_routes (17, datetime.date(2024, 10, 9))
2024-12-08 03:03:33,026 INFO backend.routes.problem_routes (1, datetime.date(2024, 12, 8))
2024-12-08 03:03:33,027 INFO backend.routes.problem_routes (2, datetime.date(2024, 12, 7))
2024-12-08 03:03:33,028 INFO backend.routes.problem_routes (3, datetime.date(2024, 10, 11))
2024-12-08 03:03:33,029 INFO backend.routes.problem_routes (4, datetime.date(2024, 10, 9))
2024-12-08 03:03:33,030 INFO backend.routes.problem_routes (18, datetime.date(2024, 12, 8))
2024-12-08 03:03:33,031 INFO backend.routes.problem_routes (20, datetime.date(2024, 12, 8))
2024-12-08 03:03:33,032 INFO backend.routes.problem_routes (21, datetime.date(2024, 12, 8))
2024-12-08 03:03:33,033 INFO backend.routes.problem_routes (22, datetime.date(2024, 12, 8))
2024-12-08 03:03:33,034 INFO backend.routes.problem_routes (23, datetime.date(2024, 12, 8))
2024-12-08 03:03:33,035 INFO backend.routes.problem_routes (24, datetime.date(2024, 12, 8))
2024-12-08 03:03:33,036 INFO backend.routes.problem_routes (25, datetime.date(2024, 12, 8))
2024-12-08 03:03:33,037 INFO backend.routes.problem_routes (26, datetime.date(2024, 12, 8))
2024-12-08 03:03:33,038 INFO backend.routes.problem_routes (27, datetime.date(2024, 12, 8))
2024-12-08 03:03:33,039 INFO backend.routes.problem_routes (28, datetime.date(2024, 12, 8))
2024-12-08 03:03:33,040 INFO backend.routes.problem_routes (19, datetime.date(2024, 12, 8))
2024-12-08 03:03:33,041 INFO backend.routes.problem_routes (29, datetime.date(2024, 12, 8))
2024-12-08 03:03:33,042 INFO backend.routes.problem_routes problems to review: [<backend.models.Problem object at 0x7abae53d02f0>, <backend.models.Problem object at 0x7abae53d02c0>, <backend.models.Problem object at 0x7abae53d0350>, <backend.models.Problem object at 0x7abae53d03b0>, <backend.models.Problem object at 0x7abae53d0410>, <backend.models.Problem object at 0x7abae53d0470>, <backend.models.Problem object at 0x7abae53d04d0>, <backend.models.Problem object at 0x7abae53d0530>, <backend.models.Problem object at 0x7abae53d0590>, <backend.models.Problem object at 0x7abae53d05f0>, <backend.models.Problem object at 0x7abae53d0650>, <backend.models.Problem object at 0x7abae53d06b0>, <backend.models.Problem object at 0x7abae53d0710>, <backend.models.Problem object at 0x7abae53d0770>, <backend.models.Problem object at 0x7abae53d07d0>, <backend.models.Problem object at 0x7abae53d0830>, <backend.models.Problem object at 0x7abae53d0890>, <backend.models.Problem object at 0x7abae53d08f0>, <backend.models.Problem object at 0x7abae53d0950>, <backend.models.Problem object at 0x7abae53d09b0>, <backend.models.Problem object at 0x7abae53d0a10>, <backend.models.Problem object at 0x7abae53d0a70>, <backend.models.Problem object at 0x7abae53d0b00>, <backend.models.Problem object at 0x7abae53d0b90>, <backend.models.Problem object at 0x7abae53d0c20>, <backend.models.Problem object at 0x7abae53d0cb0>, <backend.models.Problem object at 0x7abae53d0d40>]
2024-12-08 03:03:33,042 INFO backend.routes.problem_routes (30, datetime.date(2024, 12, 8))
2024-12-08 03:03:33,043 INFO backend.routes.problem_routes problems to review: [<backend.models.Problem object at 0x7abae53d1bb0>, <backend.models.Problem object at 0x7abae53d1c10>, <backend.models.Problem object at 0x7abae53d1c70>, <backend.models.Problem object at 0x7abae53d1cd0>, <backend.models.Problem object at 0x7abae53d1d30>, <backend.models.Problem object at 0x7abae53d1d90>, <backend.models.Problem object at 0x7abae53d1df0>, <backend.models.Problem object at 0x7abae53d1e80>, <backend.models.Problem object at 0x7abae53d1f10>, <backend.models.Problem object at 0x7abae53d1fa0>, <backend.models.Problem object at 0x7abae53d2030>, <backend.models.Problem object at 0x7abae53d20c0>, <backend.models.Problem object at 0x7abae53d2150>, <backend.models.Problem object at 0x7abae53d21e0>, <backend.models.Problem object at 0x7abae53d2270>, <backend.models.Problem object at 0x7abae53d2300>, <backend.models.Problem object at 0x7abae53d2390>, <backend.models.Problem object at 0x7abae53d2420>, <backend.models.Problem object at 0x7abae53d24b0>, <backend.models.Problem object at 0x7abae53d2540>, <backend.models.Problem object at 0x7abae53d25d0>, <backend.models.Problem object at 0x7abae53d2660>, <backend.models.Problem object at 0x7abae53d26f0>, <backend.models.Problem object at 0x7abae53d2780>, <backend.models.Problem object at 0x7abae53d2810>, <backend.models.Problem object at 0x7abae53d28a0>, <backend.models.Problem object at 0x7abae53d2930>]
2024-12-08 03:03:44,088 INFO backend.app {'passed': True, 'result_head': '{"date":{"0":"2023-01-01","1":"2023-01-03","2":"2023-01-04","3":"2023-01-06","4":"2023-01-07","5":"2023-01-09","6":"2023-01-10","7":"2023-01-12","8":"2023-01-13","9":"2023-01-14"},"avg_temp_celsius":{"0":-3.0,"1":6.0,"2":-1.0,"3":6.0,"4":4.0,"5":1.0,"6":2.0,"7":7.0,"8":9.0,"9":-2.0}}', 'error': 'e1: None, e2: None'}
2024-12-08 03:03:47,737 INFO backend.crud created due date <backend.models.Due object at 0x7abae6367650>
2024-12-08 03:04:35,489 INFO backend.routes.problem_routes problems to review: [<backend.models.Problem object at 0x7f5970bc13d0>, <backend.models.Problem object at 0x7f5970bc1a60>, <backend.models.Problem object at 0x7f5970bc1ac0>, <backend.models.Problem object at 0x7f5970bc1b20>, <backend.models.Problem object at 0x7f5970bc1b80>, <backend.models.Problem object at 0x7f5970bc1be0>, <backend.models.Problem object at 0x7f5970bc1c40>, <backend.models.Problem object at 0x7f5970bc1ca0>, <backend.models.Problem object at 0x7f5970bc1d00>, <backend.models.Problem object at 0x7f5970bc1d60>, <backend.models.Problem object at 0x7f5970bc1dc0>, <backend.models.Problem object at 0x7f5970bc1e20>, <backend.models.Problem object at 0x7f5970bc1e80>, <backend.models.Problem object at 0x7f5970bc1ee0>, <backend.models.Problem object at 0x7f5970bc1f40>, <backend.models.Problem object at 0x7f5970bc1fa0>, <backend.models.Problem object at 0x7f5970bc2000>, <backend.models.Problem object at 0x7f5970bc2060>, <backend.models.Problem object at 0x7f5970bc20c0>, <backend.models.Problem object at 0x7f5970bc2120>, <backend.models.Problem object at 0x7f5970bc2180>, <backend.models.Problem object at 0x7f5970bc2210>, <backend.models.Problem object at 0x7f5970bc22a0>, <backend.models.Problem object at 0x7f5970bc2330>, <backend.models.Problem object at 0x7f5970bc23c0>, <backend.models.Problem object at 0x7f5970bc2450>]
2024-12-08 03:04:35,492 INFO backend.routes.problem_routes Printing problems to review:
2024-12-08 03:04:35,494 INFO backend.routes.problem_routes (9, datetime.date(2024, 10, 11))
2024-12-08 03:04:35,494 INFO backend.routes.problem_routes (10, datetime.date(2024, 10, 11))
2024-12-08 03:04:35,495 INFO backend.routes.problem_routes problems to review: [<backend.models.Problem object at 0x7f5970bec2f0>, <backend.models.Problem object at 0x7f5970bec350>, <backend.models.Problem object at 0x7f5970bec3e0>, <backend.models.Problem object at 0x7f5970bec470>, <backend.models.Problem object at 0x7f5970bec500>, <backend.models.Problem object at 0x7f5970bec590>, <backend.models.Problem object at 0x7f5970bec620>, <backend.models.Problem object at 0x7f5970bec6b0>, <backend.models.Problem object at 0x7f5970bec740>, <backend.models.Problem object at 0x7f5970bec7d0>, <backend.models.Problem object at 0x7f5970bec860>, <backend.models.Problem object at 0x7f5970bec8f0>, <backend.models.Problem object at 0x7f5970bec980>, <backend.models.Problem object at 0x7f5970beca10>, <backend.models.Problem object at 0x7f5970becaa0>, <backend.models.Problem object at 0x7f5970becb30>, <backend.models.Problem object at 0x7f5970becbc0>, <backend.models.Problem object at 0x7f5970becc50>, <backend.models.Problem object at 0x7f5970becce0>, <backend.models.Problem object at 0x7f5970becd70>, <backend.models.Problem object at 0x7f5970bece00>, <backend.models.Problem object at 0x7f5970bece90>, <backend.models.Problem object at 0x7f5970becf20>, <backend.models.Problem object at 0x7f5970becfb0>, <backend.models.Problem object at 0x7f5970bed040>, <backend.models.Problem object at 0x7f5970bed0d0>]
2024-12-08 03:04:35,495 INFO backend.routes.problem_routes (11, datetime.date(2024, 10, 11))
2024-12-08 03:04:35,496 INFO backend.routes.problem_routes (12, datetime.date(2024, 10, 11))
2024-12-08 03:04:35,497 INFO backend.routes.problem_routes (13, datetime.date(2024, 10, 11))
2024-12-08 03:04:35,497 INFO backend.routes.problem_routes (14, datetime.date(2024, 10, 9))
2024-12-08 03:04:35,497 INFO backend.routes.problem_routes (15, datetime.date(2024, 10, 9))
2024-12-08 03:04:35,498 INFO backend.routes.problem_routes (16, datetime.date(2024, 10, 9))
2024-12-08 03:04:35,498 INFO backend.routes.problem_routes (17, datetime.date(2024, 10, 9))
2024-12-08 03:04:35,498 INFO backend.routes.problem_routes (1, datetime.date(2024, 12, 8))
2024-12-08 03:04:35,499 INFO backend.routes.problem_routes (2, datetime.date(2024, 12, 7))
2024-12-08 03:04:35,499 INFO backend.routes.problem_routes (3, datetime.date(2024, 10, 11))
2024-12-08 03:04:35,499 INFO backend.routes.problem_routes (4, datetime.date(2024, 10, 9))
2024-12-08 03:04:35,500 INFO backend.routes.problem_routes (18, datetime.date(2024, 12, 8))
2024-12-08 03:04:35,500 INFO backend.routes.problem_routes (20, datetime.date(2024, 12, 8))
2024-12-08 03:04:35,500 INFO backend.routes.problem_routes (21, datetime.date(2024, 12, 8))
2024-12-08 03:04:35,501 INFO backend.routes.problem_routes (22, datetime.date(2024, 12, 8))
2024-12-08 03:04:35,501 INFO backend.routes.problem_routes (23, datetime.date(2024, 12, 8))
2024-12-08 03:04:35,501 INFO backend.routes.problem_routes (24, datetime.date(2024, 12, 8))
2024-12-08 03:04:35,502 INFO backend.routes.problem_routes (25, datetime.date(2024, 12, 8))
2024-12-08 03:04:35,502 INFO backend.routes.problem_routes (26, datetime.date(2024, 12, 8))
2024-12-08 03:04:35,502 INFO backend.routes.problem_routes (27, datetime.date(2024, 12, 8))
2024-12-08 03:04:35,503 INFO backend.routes.problem_routes (28, datetime.date(2024, 12, 8))
2024-12-08 03:04:35,503 INFO backend.routes.problem_routes (19, datetime.date(2024, 12, 8))
2024-12-08 03:04:35,503 INFO backend.routes.problem_routes (29, datetime.date(2024, 12, 8))
2024-12-08 03:04:35,504 INFO backend.routes.problem_routes (30, datetime.date(2024, 12, 8))
2024-12-08 03:04:42,660 INFO backend.app {'passed': True, 'result_head': '{"date":{"0":"2023-01-01","1":"2023-01-02","2":"2023-01-03","3":"2023-01-04","4":"2023-01-05","5":"2023-01-06","6":"2023-01-07","7":"2023-01-08","8":"2023-01-09","9":"2023-01-10"}}', 'error': 'e1: None, e2: None'}
2024-12-08 03:04:45,590 INFO backend.crud created due date <backend.models.Due object at 0x7f597c2bd340>
2024-12-08 03:05:09,962 INFO backend.routes.problem_routes problems to review: [<backend.models.Problem object at 0x756161eb22a0>, <backend.models.Problem object at 0x756161eb2300>, <backend.models.Problem object at 0x756161eb2360>, <backend.models.Problem object at 0x756161eb23c0>, <backend.models.Problem object at 0x756161eb2420>, <backend.models.Problem object at 0x756161eb2480>, <backend.models.Problem object at 0x756161eb24e0>, <backend.models.Problem object at 0x756161eb2540>, <backend.models.Problem object at 0x756161eb25a0>, <backend.models.Problem object at 0x756161eb2600>, <backend.models.Problem object at 0x756161eb2660>, <backend.models.Problem object at 0x756161eb26c0>, <backend.models.Problem object at 0x756161eb2720>, <backend.models.Problem object at 0x756161eb2780>, <backend.models.Problem object at 0x756161eb27e0>, <backend.models.Problem object at 0x756161eb2840>, <backend.models.Problem object at 0x756161eb28a0>, <backend.models.Problem object at 0x756161eb2900>, <backend.models.Problem object at 0x756161eb2960>, <backend.models.Problem object at 0x756161eb29c0>, <backend.models.Problem object at 0x756161eb2a50>, <backend.models.Problem object at 0x756161eb2ae0>, <backend.models.Problem object at 0x756161eb2b70>, <backend.models.Problem object at 0x756161eb2c00>, <backend.models.Problem object at 0x756161eb2c90>]
2024-12-08 03:05:09,963 INFO backend.routes.problem_routes problems to review: [<backend.models.Problem object at 0x756161edc4a0>, <backend.models.Problem object at 0x756161edc530>, <backend.models.Problem object at 0x756161edc5c0>, <backend.models.Problem object at 0x756161edc650>, <backend.models.Problem object at 0x756161edc6e0>, <backend.models.Problem object at 0x756161edc770>, <backend.models.Problem object at 0x756161edc800>, <backend.models.Problem object at 0x756161edc890>, <backend.models.Problem object at 0x756161edc920>, <backend.models.Problem object at 0x756161edc9b0>, <backend.models.Problem object at 0x756161edca40>, <backend.models.Problem object at 0x756161edcad0>, <backend.models.Problem object at 0x756161edcb60>, <backend.models.Problem object at 0x756161edcbf0>, <backend.models.Problem object at 0x756161edcc80>, <backend.models.Problem object at 0x756161edcd10>, <backend.models.Problem object at 0x756161edcda0>, <backend.models.Problem object at 0x756161edce30>, <backend.models.Problem object at 0x756161edcec0>, <backend.models.Problem object at 0x756161edcf50>, <backend.models.Problem object at 0x756161edcfe0>, <backend.models.Problem object at 0x756161edd070>, <backend.models.Problem object at 0x756161edd100>, <backend.models.Problem object at 0x756161edd190>, <backend.models.Problem object at 0x756161edd220>]
2024-12-08 03:05:09,980 INFO backend.routes.problem_routes Printing problems to review:
2024-12-08 03:05:09,981 INFO backend.routes.problem_routes (10, datetime.date(2024, 10, 11))
2024-12-08 03:05:09,981 INFO backend.routes.problem_routes (11, datetime.date(2024, 10, 11))
2024-12-08 03:05:09,981 INFO backend.routes.problem_routes (12, datetime.date(2024, 10, 11))
2024-12-08 03:05:09,982 INFO backend.routes.problem_routes (13, datetime.date(2024, 10, 11))
2024-12-08 03:05:09,982 INFO backend.routes.problem_routes (14, datetime.date(2024, 10, 9))
2024-12-08 03:05:09,982 INFO backend.routes.problem_routes (15, datetime.date(2024, 10, 9))
2024-12-08 03:05:09,983 INFO backend.routes.problem_routes (16, datetime.date(2024, 10, 9))
2024-12-08 03:05:09,983 INFO backend.routes.problem_routes (17, datetime.date(2024, 10, 9))
2024-12-08 03:05:09,983 INFO backend.routes.problem_routes (1, datetime.date(2024, 12, 8))
2024-12-08 03:05:09,984 INFO backend.routes.problem_routes (2, datetime.date(2024, 12, 7))
2024-12-08 03:05:09,984 INFO backend.routes.problem_routes (3, datetime.date(2024, 10, 11))
2024-12-08 03:05:09,984 INFO backend.routes.problem_routes (4, datetime.date(2024, 10, 9))
2024-12-08 03:05:09,985 INFO backend.routes.problem_routes (18, datetime.date(2024, 12, 8))
2024-12-08 03:05:09,985 INFO backend.routes.problem_routes (20, datetime.date(2024, 12, 8))
2024-12-08 03:05:09,985 INFO backend.routes.problem_routes (21, datetime.date(2024, 12, 8))
2024-12-08 03:05:09,986 INFO backend.routes.problem_routes (22, datetime.date(2024, 12, 8))
2024-12-08 03:05:09,986 INFO backend.routes.problem_routes (23, datetime.date(2024, 12, 8))
2024-12-08 03:05:09,986 INFO backend.routes.problem_routes (24, datetime.date(2024, 12, 8))
2024-12-08 03:05:09,986 INFO backend.routes.problem_routes (25, datetime.date(2024, 12, 8))
2024-12-08 03:05:09,987 INFO backend.routes.problem_routes (26, datetime.date(2024, 12, 8))
2024-12-08 03:05:09,987 INFO backend.routes.problem_routes (27, datetime.date(2024, 12, 8))
2024-12-08 03:05:09,987 INFO backend.routes.problem_routes (28, datetime.date(2024, 12, 8))
2024-12-08 03:05:09,988 INFO backend.routes.problem_routes (19, datetime.date(2024, 12, 8))
2024-12-08 03:05:09,988 INFO backend.routes.problem_routes (29, datetime.date(2024, 12, 8))
2024-12-08 03:05:09,988 INFO backend.routes.problem_routes (30, datetime.date(2024, 12, 8))
2024-12-08 03:05:24,148 INFO backend.app {'passed': True, 'result_head': '{"avg_temp_celsius":{"0":-3.0,"1":null,"2":6.0,"3":-1.0,"4":null,"5":6.0,"6":4.0,"7":null,"8":1.0,"9":2.0},"avg_temp_nulls_filled":{"0":"-3.0","1":"1","2":"6.0","3":"-1.0","4":"1","5":"6.0","6":"4.0","7":"1","8":"1.0","9":"2.0"}}', 'error': 'e1: None, e2: None'}
2024-12-08 03:05:27,506 INFO backend.crud created due date <backend.models.Due object at 0x75616cff9520>
2024-12-08 03:05:27,612 INFO backend.routes.problem_routes problems to review: [<backend.models.Problem object at 0x756161eb0e60>, <backend.models.Problem object at 0x756161eb0e00>, <backend.models.Problem object at 0x756161eb1610>, <backend.models.Problem object at 0x756161eb1a60>, <backend.models.Problem object at 0x756161eb1700>, <backend.models.Problem object at 0x756161eb1310>, <backend.models.Problem object at 0x756161eb37d0>, <backend.models.Problem object at 0x756161eb1ca0>, <backend.models.Problem object at 0x756161eb2240>, <backend.models.Problem object at 0x756161eb3c20>, <backend.models.Problem object at 0x756161eb1cd0>, <backend.models.Problem object at 0x756161eb2030>, <backend.models.Problem object at 0x756161eb1fa0>, <backend.models.Problem object at 0x756161eb2090>, <backend.models.Problem object at 0x756161eb2d50>, <backend.models.Problem object at 0x756161eb1e50>, <backend.models.Problem object at 0x756161eb2de0>, <backend.models.Problem object at 0x756161eb1520>, <backend.models.Problem object at 0x756161eb1970>, <backend.models.Problem object at 0x75616c511d30>, <backend.models.Problem object at 0x75616c511c70>, <backend.models.Problem object at 0x756196046930>, <backend.models.Problem object at 0x75616c067500>, <backend.models.Problem object at 0x756161fa29f0>]
2024-12-08 03:05:27,882 INFO backend.routes.problem_routes Printing problems to review:
2024-12-08 03:05:27,882 INFO backend.routes.problem_routes (11, datetime.date(2024, 10, 11))
2024-12-08 03:05:27,883 INFO backend.routes.problem_routes (12, datetime.date(2024, 10, 11))
2024-12-08 03:05:27,883 INFO backend.routes.problem_routes (13, datetime.date(2024, 10, 11))
2024-12-08 03:05:27,883 INFO backend.routes.problem_routes (14, datetime.date(2024, 10, 9))
2024-12-08 03:05:27,884 INFO backend.routes.problem_routes (15, datetime.date(2024, 10, 9))
2024-12-08 03:05:27,884 INFO backend.routes.problem_routes (16, datetime.date(2024, 10, 9))
2024-12-08 03:05:27,884 INFO backend.routes.problem_routes (17, datetime.date(2024, 10, 9))
2024-12-08 03:05:27,885 INFO backend.routes.problem_routes (1, datetime.date(2024, 12, 8))
2024-12-08 03:05:27,885 INFO backend.routes.problem_routes (2, datetime.date(2024, 12, 7))
2024-12-08 03:05:27,885 INFO backend.routes.problem_routes (3, datetime.date(2024, 10, 11))
2024-12-08 03:05:27,886 INFO backend.routes.problem_routes (4, datetime.date(2024, 10, 9))
2024-12-08 03:05:27,886 INFO backend.routes.problem_routes (18, datetime.date(2024, 12, 8))
2024-12-08 03:05:27,886 INFO backend.routes.problem_routes (20, datetime.date(2024, 12, 8))
2024-12-08 03:05:27,887 INFO backend.routes.problem_routes (21, datetime.date(2024, 12, 8))
2024-12-08 03:05:27,887 INFO backend.routes.problem_routes (22, datetime.date(2024, 12, 8))
2024-12-08 03:05:27,887 INFO backend.routes.problem_routes (23, datetime.date(2024, 12, 8))
2024-12-08 03:05:27,888 INFO backend.routes.problem_routes (24, datetime.date(2024, 12, 8))
2024-12-08 03:05:27,888 INFO backend.routes.problem_routes (25, datetime.date(2024, 12, 8))
2024-12-08 03:05:27,888 INFO backend.routes.problem_routes (26, datetime.date(2024, 12, 8))
2024-12-08 03:05:27,889 INFO backend.routes.problem_routes (27, datetime.date(2024, 12, 8))
2024-12-08 03:05:27,889 INFO backend.routes.problem_routes (28, datetime.date(2024, 12, 8))
2024-12-08 03:05:27,889 INFO backend.routes.problem_routes (19, datetime.date(2024, 12, 8))
2024-12-08 03:05:27,890 INFO backend.routes.problem_routes (29, datetime.date(2024, 12, 8))
2024-12-08 03:05:27,890 INFO backend.routes.problem_routes (30, datetime.date(2024, 12, 8))
2024-12-08 03:05:37,599 INFO backend.routes.problem_routes Printing problems to review:
2024-12-08 03:05:37,600 INFO backend.routes.problem_routes (11, datetime.date(2024, 10, 11))
2024-12-08 03:05:37,601 INFO backend.routes.problem_routes (12, datetime.date(2024, 10, 11))
2024-12-08 03:05:37,601 INFO backend.routes.problem_routes (13, datetime.date(2024, 10, 11))
2024-12-08 03:05:37,602 INFO backend.routes.problem_routes (14, datetime.date(2024, 10, 9))
2024-12-08 03:05:37,603 INFO backend.routes.problem_routes (15, datetime.date(2024, 10, 9))
2024-12-08 03:05:37,603 INFO backend.routes.problem_routes (16, datetime.date(2024, 10, 9))
2024-12-08 03:05:37,604 INFO backend.routes.problem_routes (17, datetime.date(2024, 10, 9))
2024-12-08 03:05:37,605 INFO backend.routes.problem_routes (1, datetime.date(2024, 12, 8))
2024-12-08 03:05:37,605 INFO backend.routes.problem_routes (2, datetime.date(2024, 12, 7))
2024-12-08 03:05:37,606 INFO backend.routes.problem_routes (3, datetime.date(2024, 10, 11))
2024-12-08 03:05:37,607 INFO backend.routes.problem_routes (4, datetime.date(2024, 10, 9))
2024-12-08 03:05:37,608 INFO backend.routes.problem_routes (18, datetime.date(2024, 12, 8))
2024-12-08 03:05:37,609 INFO backend.routes.problem_routes (20, datetime.date(2024, 12, 8))
2024-12-08 03:05:37,610 INFO backend.routes.problem_routes (21, datetime.date(2024, 12, 8))
2024-12-08 03:05:37,611 INFO backend.routes.problem_routes (22, datetime.date(2024, 12, 8))
2024-12-08 03:05:37,611 INFO backend.routes.problem_routes (23, datetime.date(2024, 12, 8))
2024-12-08 03:05:37,612 INFO backend.routes.problem_routes (24, datetime.date(2024, 12, 8))
2024-12-08 03:05:37,613 INFO backend.routes.problem_routes (25, datetime.date(2024, 12, 8))
2024-12-08 03:05:37,614 INFO backend.routes.problem_routes (26, datetime.date(2024, 12, 8))
2024-12-08 03:05:37,614 INFO backend.routes.problem_routes (27, datetime.date(2024, 12, 8))
2024-12-08 03:05:37,615 INFO backend.routes.problem_routes (28, datetime.date(2024, 12, 8))
2024-12-08 03:05:37,615 INFO backend.routes.problem_routes (19, datetime.date(2024, 12, 8))
2024-12-08 03:05:37,616 INFO backend.routes.problem_routes (29, datetime.date(2024, 12, 8))
2024-12-08 03:05:37,618 INFO backend.routes.problem_routes (30, datetime.date(2024, 12, 8))
2024-12-08 03:05:37,619 INFO backend.routes.problem_routes problems to review: [<backend.models.Problem object at 0x756161d5cce0>, <backend.models.Problem object at 0x756161d5cd40>, <backend.models.Problem object at 0x756161d5cda0>, <backend.models.Problem object at 0x756161d5ce00>, <backend.models.Problem object at 0x756161d5ce90>, <backend.models.Problem object at 0x756161d5cf20>, <backend.models.Problem object at 0x756161d5cfb0>, <backend.models.Problem object at 0x756161d5d040>, <backend.models.Problem object at 0x756161d5d0d0>, <backend.models.Problem object at 0x756161d5d160>, <backend.models.Problem object at 0x756161d5d1f0>, <backend.models.Problem object at 0x756161d5d280>, <backend.models.Problem object at 0x756161d5d310>, <backend.models.Problem object at 0x756161d5d3a0>, <backend.models.Problem object at 0x756161d5d430>, <backend.models.Problem object at 0x756161d5d4c0>, <backend.models.Problem object at 0x756161d5d550>, <backend.models.Problem object at 0x756161d5d5e0>, <backend.models.Problem object at 0x756161d5d670>, <backend.models.Problem object at 0x756161d5d700>, <backend.models.Problem object at 0x756161d5d790>, <backend.models.Problem object at 0x756161d5d820>, <backend.models.Problem object at 0x756161d5d8b0>, <backend.models.Problem object at 0x756161d5d940>]
2024-12-08 03:05:37,648 INFO backend.routes.problem_routes problems to review: [<backend.models.Problem object at 0x756161d7da90>, <backend.models.Problem object at 0x756161d7daf0>, <backend.models.Problem object at 0x756161d7db50>, <backend.models.Problem object at 0x756161d7dbb0>, <backend.models.Problem object at 0x756161d7dc10>, <backend.models.Problem object at 0x756161d7dc70>, <backend.models.Problem object at 0x756161d7dcd0>, <backend.models.Problem object at 0x756161d7dd30>, <backend.models.Problem object at 0x756161d7dd90>, <backend.models.Problem object at 0x756161d7ddf0>, <backend.models.Problem object at 0x756161d7de50>, <backend.models.Problem object at 0x756161d7deb0>, <backend.models.Problem object at 0x756161d7df10>, <backend.models.Problem object at 0x756161d7df70>, <backend.models.Problem object at 0x756161d7dfd0>, <backend.models.Problem object at 0x756161d7e030>, <backend.models.Problem object at 0x756161d7e090>, <backend.models.Problem object at 0x756161d7e0f0>, <backend.models.Problem object at 0x756161d7e150>, <backend.models.Problem object at 0x756161d7e1b0>, <backend.models.Problem object at 0x756161d7e210>, <backend.models.Problem object at 0x756161d7e270>, <backend.models.Problem object at 0x756161d7e2d0>, <backend.models.Problem object at 0x756161d7e330>]
