2024-11-16 00:12:22,132 INFO backend.code_execution.check_code backend/code_execution/data/contoso_sales
2024-11-16 00:12:22,137 INFO backend.code_execution.check_code AAAAAAAAAAAAA size = 13915
2024-11-16 00:12:22,138 INFO backend.code_execution.check_code Exception hit name 'df' is not defined <_io.StringIO object at 0x7f78329719c0>
2024-11-16 00:12:22,138 INFO backend.code_execution.check_code (shape: (0, 0)
┌┐
╞╡
└┘, "name 'df' is not defined")
2024-11-16 00:12:22,138 INFO backend.code_execution.check_code backend/code_execution/data/contoso_sales
2024-11-16 00:12:22,140 INFO backend.code_execution.check_code AAAAAAAAAAAAA size = 13915
2024-11-16 00:12:22,142 INFO backend.code_execution.check_code (shape: (1, 8)
┌──────────────┬─────────────┬──────────────┬──────────┬────────────┬───────────┬───────────┬───────────────┐
│ Order Number ┆ Line Number ┆ Customer Age ┆ Quantity ┆ Unit Price ┆ Net Price ┆ Unit Cost ┆ Exchange Rate │
│ ---          ┆ ---         ┆ ---          ┆ ---      ┆ ---        ┆ ---       ┆ ---       ┆ ---           │
│ i64          ┆ i64         ┆ i64          ┆ i64      ┆ f64        ┆ f64       ┆ f64       ┆ f64           │
╞══════════════╪═════════════╪══════════════╪══════════╪════════════╪═══════════╪═══════════╪═══════════════╡
│ 4466019052   ┆ 16195       ┆ 725757       ┆ 43517    ┆ 4.1785e6   ┆ 3.9286e6  ┆ 1.7356e6  ┆ 14124.4597    │
└──────────────┴─────────────┴──────────────┴──────────┴────────────┴───────────┴───────────┴───────────────┘, None)
2024-11-16 00:12:22,142 INFO backend.code_execution.check_code shape: (1, 8)
┌──────────────┬─────────────┬──────────────┬──────────┬────────────┬───────────┬───────────┬───────────────┐
│ Order Number ┆ Line Number ┆ Customer Age ┆ Quantity ┆ Unit Price ┆ Net Price ┆ Unit Cost ┆ Exchange Rate │
│ ---          ┆ ---         ┆ ---          ┆ ---      ┆ ---        ┆ ---       ┆ ---       ┆ ---           │
│ i64          ┆ i64         ┆ i64          ┆ i64      ┆ f64        ┆ f64       ┆ f64       ┆ f64           │
╞══════════════╪═════════════╪══════════════╪══════════╪════════════╪═══════════╪═══════════╪═══════════════╡
│ 4466019052   ┆ 16195       ┆ 725757       ┆ 43517    ┆ 4.1785e6   ┆ 3.9286e6  ┆ 1.7356e6  ┆ 14124.4597    │
└──────────────┴─────────────┴──────────────┴──────────┴────────────┴───────────┴───────────┴───────────────┘
2024-11-16 00:12:22,142 INFO backend.code_execution.check_code shape: (0, 0)
┌┐
╞╡
└┘
2024-11-16 00:12:22,142 INFO backend.code_execution.check_code ['Order Number', 'Line Number', 'Customer Age', 'Quantity', 'Unit Price', 'Net Price', 'Unit Cost', 'Exchange Rate']
